0 info it worked if it ends with ok
1 verbose cli [ '/usr/bin/node', '/usr/bin/npm', 'start' ]
2 info using npm@3.10.10
3 info using node@v6.11.3
4 verbose run-script [ 'prestart', 'start', 'poststart' ]
5 info lifecycle reminder@0.1.0~prestart: reminder@0.1.0
6 silly lifecycle reminder@0.1.0~prestart: no script for prestart, continuing
7 info lifecycle reminder@0.1.0~start: reminder@0.1.0
8 verbose lifecycle reminder@0.1.0~start: unsafe-perm in lifecycle true
9 verbose lifecycle reminder@0.1.0~start: PATH: /usr/lib/node_modules/npm/bin/node-gyp-bin:/home/pc-apprenant-18/Documents/GIT/reminder/front/node_modules/.bin:/home/pc-apprenant-18/bin:/home/pc-apprenant-18/.local/bin:/usr/local/sbin:/usr/local/bin:/usr/sbin:/usr/bin:/sbin:/bin:/usr/games:/usr/local/games:/snap/bin
10 verbose lifecycle reminder@0.1.0~start: CWD: /home/pc-apprenant-18/Documents/GIT/reminder/front
11 silly lifecycle reminder@0.1.0~start: Args: [ '-c', 'react-scripts start' ]
12 info lifecycle reminder@0.1.0~start: Failed to exec start script
13 verbose stack Error: reminder@0.1.0 start: `react-scripts start`
13 verbose stack spawn ENOENT
13 verbose stack     at ChildProcess.<anonymous> (/usr/lib/node_modules/npm/lib/utils/spawn.js:33:16)
13 verbose stack     at emitTwo (events.js:106:13)
13 verbose stack     at ChildProcess.emit (events.js:191:7)
13 verbose stack     at maybeClose (internal/child_process.js:920:16)
13 verbose stack     at Process.ChildProcess._handle.onexit (internal/child_process.js:230:5)
14 verbose pkgid reminder@0.1.0
15 verbose cwd /home/pc-apprenant-18/Documents/GIT/reminder/front
16 error Linux 4.10.0-33-generic
17 error argv "/usr/bin/node" "/usr/bin/npm" "start"
18 error node v6.11.3
19 error npm  v3.10.10
20 error file sh
21 error code ELIFECYCLE
22 error errno ENOENT
23 error syscall spawn
24 error reminder@0.1.0 start: `react-scripts start`
24 error spawn ENOENT
25 error Failed at the reminder@0.1.0 start script 'react-scripts start'.
25 error Make sure you have the latest version of node.js and npm installed.
25 error If you do, this is most likely a problem with the reminder package,
25 error not with npm itself.
25 error Tell the author that this fails on your system:
25 error     react-scripts start
25 error You can get information on how to open an issue for this project with:
25 error     npm bugs reminder
25 error Or if that isn't available, you can get their info via:
25 error     npm owner ls reminder
25 error There is likely additional logging output above.
26 verbose exit [ 1, true ]
